Sep 05, 2019 4:37:48 PM xsdvi.XsdVi main
INFO: The style will be embodied
Sep 05, 2019 4:37:48 PM xsdvi.XsdVi main
INFO: Parsing ./example.xsd...
Sep 05, 2019 4:37:48 PM xsdvi.XsdVi main
INFO: Processing XML Schema model...
Sep 05, 2019 4:37:48 PM xsdvi.XsdVi main
INFO: Drawing SVG example.svg...
Sep 05, 2019 4:37:48 PM xsdvi.XsdVi main
INFO: Done.
Sep 05, 2019 4:39:01 PM xsdvi.XsdVi main
INFO: The style will be embodied
Sep 05, 2019 4:39:01 PM xsdvi.XsdVi main
INFO: Parsing ./example.xsd...
Sep 05, 2019 4:39:01 PM xsdvi.XsdVi main
INFO: Processing XML Schema model...
Sep 05, 2019 4:39:01 PM xsdvi.XsdVi main
INFO: Drawing SVG example.svg...
Sep 05, 2019 4:39:02 PM xsdvi.XsdVi main
INFO: Done.
Sep 05, 2019 4:40:01 PM xsdvi.XsdVi main
INFO: The style will be embodied
Sep 05, 2019 4:40:01 PM xsdvi.XsdVi main
INFO: Parsing ./example.xsd...
Sep 05, 2019 4:40:01 PM xsdvi.XsdVi main
INFO: Processing XML Schema model...
Sep 05, 2019 4:40:01 PM xsdvi.XsdVi main
INFO: Drawing SVG example.svg...
Sep 05, 2019 4:40:02 PM xsdvi.XsdVi main
INFO: Done.
